<?xml version="1.0" encoding="UTF-8"?>
<!-- Generated by org.testng.reporters.JUnitReportReporter -->
<testsuite hostname="IN-C02DQAHYP3XY.local" failures="0" tests="3" name="com.nagp.Runner.TestRunnerSmoke" time="39.990" errors="0" timestamp="2022-09-22T13:21:37 IST" skipped="0">
  <testcase classname="com.nagp.Runner.TestRunnerSmoke" name="runScenario" time="12.599"/>
  <system-out/>
  <testcase classname="com.nagp.Runner.TestRunnerSmoke" name="runScenario" time="15.101"/>
  <system-out/>
  <testcase classname="com.nagp.Runner.TestRunnerSmoke" name="runScenario" time="12.290"/>
  <system-out/>
</testsuite> <!-- com.nagp.Runner.TestRunnerSmoke -->
